<?xml version="1.0" encoding="UTF-8"?>
<!-- Generated by org.testng.reporters.JUnitXMLReporter -->
<testsuite hostname="rrt" ignored="0" tests="5" failures="0" timestamp="29 Jan 2017 00:54:04 GMT" time="0.049" errors="0">
  <testcase name="openTheBrowser" time="0.016" classname="PriorityINTestNG"/>
  <testcase name="login" time="0.0" classname="PriorityINTestNG"/>
  <testcase name="searchAndPick" time="0.0" classname="PriorityINTestNG"/>
  <testcase name="payment" time="0.0" classname="PriorityINTestNG"/>
  <testcase name="closeTheBrowser" time="0.001" classname="PriorityINTestNG"/>
</testsuite>
